# JRE version: Java(TM) SE Runtime Environment (8.0_251-b08) (build 1.8.0_251-b08)
# Java VM: Java HotSpot(TM) 64-Bit Server VM (25.251-b08 mixed mode windows-amd64 compressed oops)
Heap:
 PSYoungGen      total 76288K, used 23469K [0x000000076b200000, 0x0000000774700000, 0x00000007c0000000)
  eden space 65536K, 19% used [0x000000076b200000,0x000000076be6f7d0,0x000000076f200000)
  from space 10752K, 99% used [0x000000076fc80000,0x00000007706fbf48,0x0000000770700000)
  to   space 10752K, 55% used [0x000000076f200000,0x000000076f7d8a98,0x000000076fc80000)
 ParOldGen       total 175104K, used 320K [0x00000006c1600000, 0x00000006cc100000, 0x000000076b200000)
  object space 175104K, 0% used [0x00000006c1600000,0x00000006c16503e0,0x00000006cc100000)
 Metaspace       used 20349K, capacity 21128K, committed 21248K, reserved 1067008K
  class space    used 2780K, capacity 3011K, committed 3072K, reserved 1048576K
GC Heap History (5 events):
Event: 0.558 GC heap before
{Heap before GC invocations=1 (full 0):
 PSYoungGen      total 76288K, used 65536K [0x000000076b200000, 0x0000000770700000, 0x00000007c0000000)
  eden space 65536K, 100% used [0x000000076b200000,0x000000076f200000,0x000000076f200000)
  from space 10752K, 0% used [0x000000076fc80000,0x000000076fc80000,0x0000000770700000)
  to   space 10752K, 0% used [0x000000076f200000,0x000000076f200000,0x000000076fc80000)
 ParOldGen       total 175104K, used 0K [0x00000006c1600000, 0x00000006cc100000, 0x000000076b200000)
  object space 175104K, 0% used [0x00000006c1600000,0x00000006c1600000,0x00000006cc100000)
 Metaspace       used 13981K, capacity 14496K, committed 14592K, reserved 1062912K
  class space    used 1845K, capacity 2009K, committed 2048K, reserved 1048576K
Event: 0.562 GC heap after
Heap after GC invocations=1 (full 0):
 PSYoungGen      total 76288K, used 7331K [0x000000076b200000, 0x0000000770700000, 0x00000007c0000000)
  eden space 65536K, 0% used [0x000000076b200000,0x000000076b200000,0x000000076f200000)
  from space 10752K, 68% used [0x000000076f200000,0x000000076f928c90,0x000000076fc80000)
  to   space 10752K, 0% used [0x000000076fc80000,0x000000076fc80000,0x0000000770700000)
 ParOldGen       total 175104K, used 16K [0x00000006c1600000, 0x00000006cc100000, 0x000000076b200000)
  object space 175104K, 0% used [0x00000006c1600000,0x00000006c1604000,0x00000006cc100000)
 Metaspace       used 13981K, capacity 14496K, committed 14592K, reserved 1062912K
  class space    used 1845K, capacity 2009K, committed 2048K, reserved 1048576K
}
Event: 0.735 GC heap before
{Heap before GC invocations=2 (full 0):
 PSYoungGen      total 76288K, used 72867K [0x000000076b200000, 0x0000000770700000, 0x00000007c0000000)
  eden space 65536K, 100% used [0x000000076b200000,0x000000076f200000,0x000000076f200000)
  from space 10752K, 68% used [0x000000076f200000,0x000000076f928c90,0x000000076fc80000)
  to   space 10752K, 0% used [0x000000076fc80000,0x000000076fc80000,0x0000000770700000)
 ParOldGen       total 175104K, used 16K [0x00000006c1600000, 0x00000006cc100000, 0x000000076b200000)
  object space 175104K, 0% used [0x00000006c1600000,0x00000006c1604000,0x00000006cc100000)
 Metaspace       used 20136K, capacity 20886K, committed 20992K, reserved 1067008K
  class space    used 2747K, capacity 2976K, committed 3072K, reserved 1048576K
Event: 0.741 GC heap after
Heap after GC invocations=2 (full 0):
 PSYoungGen      total 76288K, used 10735K [0x000000076b200000, 0x0000000774700000, 0x00000007c0000000)
  eden space 65536K, 0% used [0x000000076b200000,0x000000076b200000,0x000000076f200000)
  from space 10752K, 99% used [0x000000076fc80000,0x00000007706fbf48,0x0000000770700000)
  to   space 10752K, 0% used [0x000000076f200000,0x000000076f200000,0x000000076fc80000)
 ParOldGen       total 175104K, used 312K [0x00000006c1600000, 0x00000006cc100000, 0x000000076b200000)
  object space 175104K, 0% used [0x00000006c1600000,0x00000006c164e3e0,0x00000006cc100000)
 Metaspace       used 20136K, capacity 20886K, committed 20992K, reserved 1067008K
  class space    used 2747K, capacity 2976K, committed 3072K, reserved 1048576K
}
Event: 0.812 GC heap before
{Heap before GC invocations=3 (full 0):
 PSYoungGen      total 76288K, used 23469K [0x000000076b200000, 0x0000000774700000, 0x00000007c0000000)
  eden space 65536K, 19% used [0x000000076b200000,0x000000076be6f7d0,0x000000076f200000)
  from space 10752K, 99% used [0x000000076fc80000,0x00000007706fbf48,0x0000000770700000)
  to   space 10752K, 0% used [0x000000076f200000,0x000000076f200000,0x000000076fc80000)
 ParOldGen       total 175104K, used 312K [0x00000006c1600000, 0x00000006cc100000, 0x000000076b200000)
  object space 175104K, 0% used [0x00000006c1600000,0x00000006c164e3e0,0x00000006cc100000)
 Metaspace       used 20349K, capacity 21128K, committed 21248K, reserved 1067008K
  class space    used 2780K, capacity 3011K, committed 3072K, reserved 1048576K

